\BOOKMARK [0][-]{section*.1}{\376\377\004\036\004\063\004\073\004\060\004\062\004\073\004\065\004\075\004\070\004\065}{}% 1
\BOOKMARK [1][-]{section.0.1}{\376\377\004\032\004\060\004\072\000\040\004\100\004\060\004\061\004\076\004\102\004\060\004\102\004\114\000\040\004\101\000\040\004\115\004\102\004\070\004\074\000\040\004\101\004\066\004\060\004\102\004\113\004\074\000\040\004\072\004\076\004\075\004\101\004\077\004\065\004\072\004\102\004\076\004\074}{section*.1}% 2
\BOOKMARK [1][-]{section.0.2}{\376\377\004\035\004\060\004\067\004\062\004\060\004\075\004\070\004\117\000\040\004\061\004\070\004\073\004\065\004\102\004\076\004\062\000\040\000\050\004\100\004\076\004\062\004\075\004\076\000\040\004\072\004\060\004\072\000\040\004\062\000\040\004\076\004\100\004\070\004\063\004\070\004\075\004\060\004\073\004\065\000\051}{section*.1}% 3
\BOOKMARK [1][-]{section.0.3}{\376\377\004\042\004\065\004\100\004\074\004\070\004\075\004\113\000,\000\040\004\075\004\065\004\067\004\075\004\060\004\075\004\070\004\065\000\040\004\072\004\076\004\102\004\076\004\100\004\113\004\105\000\040\004\077\004\100\004\070\004\062\004\076\004\064\004\070\004\102\000\040\004\072\000\040\004\075\004\065\004\103\004\064\004\103\000\040\004\077\004\076\000\040\004\115\004\072\004\067\004\060\004\074\004\065\004\075\004\103}{section*.1}% 4
\BOOKMARK [0][-]{chapter.1}{\376\377\004\044\004\103\004\075\004\072\004\106\004\070\004\076\004\075\004\060\004\073\004\114\004\075\004\113\004\065\000\040\004\100\004\117\004\064\004\113}{}% 5
\BOOKMARK [1][-]{section.1.1}{\376\377\004\036\004\077\004\100\004\065\004\064\004\065\004\073\004\065\004\075\004\070\004\117}{chapter.1}% 6
\BOOKMARK [1][-]{section.1.2}{\376\377\004\036\004\077\004\100\004\065\004\064\004\065\004\073\004\065\004\075\004\070\004\117\000\040\004\070\000\040\004\077\004\100\004\070\004\067\004\075\004\060\004\072\004\070\000\040\004\100\004\060\004\062\004\075\004\076\004\074\004\065\004\100\004\075\004\076\004\071\000\040\004\101\004\105\004\076\004\064\004\070\004\074\004\076\004\101\004\102\004\070}{chapter.1}% 7
\BOOKMARK [0][-]{chapter.2}{\376\377\004\032\004\100\004\070\004\062\004\076\004\073\004\070\004\075\004\065\004\071\004\075\004\113\004\065\000\040\004\070\004\075\004\102\004\065\004\063\004\100\004\060\004\073\004\113\000\040\004\075\004\060\000\040\004\077\004\073\004\076\004\101\004\072\004\076\004\101\004\102\004\070}{}% 8
\BOOKMARK [1][-]{section.2.1}{\376\377\004\037\004\100\004\076\004\101\004\102\004\065\004\071\004\110\004\070\004\065\000\040\004\101\004\062\004\076\004\071\004\101\004\102\004\062\004\060\000\040\004\072\004\100\004\070\004\062\004\076\004\073\004\070\004\075\004\065\004\071\004\075\004\113\004\105\000\040\004\070\004\075\004\102\004\065\004\063\004\060\004\062\004\073\004\076\004\062}{chapter.2}% 9
\BOOKMARK [1][-]{section.2.2}{\376\377\004\042\004\076\004\107\004\075\004\113\004\065\000\040\004\070\000\040\004\067\004\060\004\074\004\072\004\075\004\103\004\102\004\113\004\065\000\040\004\104\004\076\004\100\004\074\004\113}{chapter.2}% 10
\BOOKMARK [1][-]{section.2.3}{\376\377\004\023\004\076\004\074\004\076\004\102\004\076\004\077\004\075\004\113\004\065\000\040\004\077\004\103\004\102\004\070}{chapter.2}% 11
\BOOKMARK [0][-]{chapter.3}{\376\377\004\042\004\065\004\076\004\100\004\070\004\117\000\040\004\104\004\103\004\075\004\072\004\106\004\070\004\070\000\040\004\072\004\076\004\074\004\077\004\073\004\065\004\072\004\101\004\075\004\076\004\071\000\040\004\077\004\065\004\100\004\065\004\074\004\065\004\075\004\075\004\076\004\071}{}% 12
\BOOKMARK [1][-]{section.3.1}{\376\377\004\032\004\076\004\074\004\077\004\073\004\065\004\072\004\101\004\075\004\060\004\117\000\040\004\064\004\070\004\104\004\104\004\065\004\100\004\065\004\075\004\106\004\070\004\100\004\103\004\065\004\074\004\076\004\101\004\102\004\114}{chapter.3}% 13
\BOOKMARK [1][-]{section.3.2}{\376\377\004\030\004\075\004\102\004\065\004\063\004\100\004\060\004\073\004\114\004\075\004\060\004\117\000\040\004\104\004\076\004\100\004\074\004\103\004\073\004\060\000\040\004\032\004\076\004\110\004\070\000\040\004\070\000\040\004\065\004\121\000\040\004\101\004\073\004\065\004\064\004\101\004\102\004\062\004\070\004\117}{chapter.3}% 14
\BOOKMARK [1][-]{section.3.3}{\376\377\004\042\004\065\004\076\004\100\004\065\004\074\004\060\000\040\004\065\004\064\004\070\004\075\004\101\004\102\004\062\004\065\004\075\004\075\004\076\004\101\004\102\004\070\000,\000\040\004\060\004\075\004\060\004\073\004\070\004\102\004\070\004\107\004\065\004\101\004\072\004\076\004\065\000\040\004\077\004\100\004\076\004\064\004\076\004\073\004\066\004\065\004\075\004\070\004\065\000\040\004\070\000\040\004\074\004\075\004\076\004\063\004\076\004\067\004\075\004\060\004\107\004\075\004\113\004\065\000\040\004\104\004\103\004\075\004\072\004\106\004\070\004\070}{chapter.3}% 15
\BOOKMARK [1][-]{section.3.4}{\376\377\004\040\004\117\004\064\004\113\000\040\004\033\004\076\004\100\004\060\004\075\004\060\000\040\004\070\000\040\004\062\004\113\004\065\004\107\004\102\004\113}{chapter.3}% 16
\BOOKMARK [0][-]{chapter.4}{\376\377\004\034\004\065\004\100\004\060\000\040\004\070\000\040\004\070\004\075\004\102\004\065\004\063\004\100\004\060\004\073}{}% 17
\BOOKMARK [1][-]{section.4.1}{\376\377\004\034\004\065\004\100\004\060\000\040\004\062\000\040\004\060\004\061\004\101\004\102\004\100\004\060\004\072\004\102\004\075\004\113\004\105\000\040\004\074\004\075\004\076\004\066\004\065\004\101\004\102\004\062\004\060\004\105}{chapter.4}% 18
\BOOKMARK [1][-]{section.4.2}{\376\377\004\034\004\065\004\100\004\060\000\040\004\033\004\065\004\061\004\065\004\063\004\060}{chapter.4}% 19
\BOOKMARK [1][-]{section.4.3}{\376\377\004\030\004\067\004\074\004\065\004\100\004\070\004\074\004\113\004\065\000\040\004\104\004\103\004\075\004\072\004\106\004\070\004\070}{chapter.4}% 20
\BOOKMARK [1][-]{section.4.4}{\376\377\004\030\004\075\004\102\004\065\004\063\004\100\004\060\004\073\000\040\004\077\004\076\000\040\004\074\004\065\004\100\004\065}{chapter.4}% 21
\BOOKMARK [1][-]{section.4.5}{\376\377\004\032\004\100\004\060\004\102\004\075\004\113\004\065\000\040\004\070\000\040\004\077\004\076\004\062\004\102\004\076\004\100\004\075\004\113\004\065\000\040\004\070\004\075\004\102\004\065\004\063\004\100\004\060\004\073\004\113}{chapter.4}% 22
